22:07:16 **** Build of configuration Nios II for project ocram_boot ****
make mem_init_generate 
Info: Compiling main.c to obj/default/main.o
nios2-elf-gcc -xc -MP -MMD -c -I../ocram_boot_bsp//drivers/inc -I../ocram_boot_bsp//HAL/inc -I../ocram_boot_bsp/ -I../ocram_boot_bsp//drivers/inc  -pipe -D__hal__ -DALT_NO_INSTRUCTION_EMULATION -DALTERA_TRIPLE_SPEED_MAC -DALT_SINGLE_THREADED -DALTERA_AUTONEG_TIMEOUT_THRESHOLD=2500 -DALTERA_CHECKLINK_TIMEOUT_THRESHOLD=10000 -DALTERA_NOMDIO_TIMEOUT_THRESHOLD=1000000    -O0 -g -Wall   -mno-hw-div -mno-hw-mul -mno-hw-mulx -mgpopt=global  -o obj/default/main.o main.c
Info: Building ../ocram_boot_bsp/
C:/intelFPGA_lite/17.1/nios2eds/bin/gnu/H-x86_64-mingw32/bin/make --no-print-directory -C ../ocram_boot_bsp/
[BSP build complete]
Info: Linking ocram_boot.elf
nios2-elf-g++  -T'../ocram_boot_bsp//linker.x' -msys-crt0='../ocram_boot_bsp//obj/HAL/src/crt0.o' -msys-lib=hal_bsp -L../ocram_boot_bsp/   -Wl,-Map=ocram_boot.map   -O0 -g -Wall   -mno-hw-div -mno-hw-mul -mno-hw-mulx -mgpopt=global  -o ocram_boot.elf obj/default/main.o -lm -msys-lib=m
nios2-elf-insert ocram_boot.elf --thread_model hal --cpu_name cpu --qsys true --simulation_enabled false --stderr_dev none --stdin_dev none --stdout_dev none --sopc_system_name WiPhase_top_level --quartus_project_dir "C:/Users/alist/OneDrive/Electrickery/Phased-Array-Radio-Telescope/Phased-Array-WiFi-Camera/FPGA_Firmware" --jdi ../..//output_files/Phased_WiFi_Telescope_FW.jdi --sopcinfo C:/Users/alist/OneDrive/Electrickery/Phased-Array-Radio-Telescope/Phased-Array-WiFi-Camera/FPGA_Firmware/software/ocram_boot_bsp/../../WiPhase_top_level.sopcinfo
Info: (ocram_boot.elf) 3676 Bytes program size (code + initialized data).
Info:                  14 KBytes free for stack + heap.
Post-processing to create mem_init/WiPhase_top_level_data_ram_onchip.hex...
elf2hex ocram_boot.elf 0x00008000 0x0000cfff --width=32 --little-endian-mem --create-lanes=0 mem_init/WiPhase_top_level_data_ram_onchip.hex
Post-processing to create mem_init/hdl_sim/WiPhase_top_level_data_ram_onchip.dat...
elf2dat --infile=ocram_boot.elf --outfile=mem_init/hdl_sim/WiPhase_top_level_data_ram_onchip.dat \
		--base=0x00008000 --end=0x0000cfff --width=32 \
		--little-endian-mem --create-lanes=0 
Post-processing to create mem_init/hdl_sim/WiPhase_top_level_data_ram_onchip.sym...
nios2-elf-nm -n ocram_boot.elf > mem_init/hdl_sim/WiPhase_top_level_data_ram_onchip.sym

22:07:17 Build Finished (took 1s.400ms)

