Run 1:  Thu Nov 01 11:21:51 2018.  SL288770.104303.
        Em version 15.53-Lite (32-bit Windows) on NEON local.

  Project:  C:\Users\alist\OneDrive\Electrickery\Phased-Array-Radio-Telescope\Phased-Array-WiFi-Camera\Models\2450 patch antenna\wifi_patch.son.

    Frequency:  2.29 GHZ
      Frequency completed Thu Nov 01 11:22:03 2018.
      De-embedded S-Parameters. 50.0 Ohm Port Terminations.
      Magnitude/Angle. Touchstone Format.
        2.29000000 0.886548 169.98
        !< P1 F=2.29 Eeff=(3.34558181 -0.0753906) Z0=(57.9705769 0.35130416) R=18.1084078 C=0.05817125 

    Frequency:  2.56 GHZ
      Frequency completed Thu Nov 01 11:22:16 2018.
      De-embedded S-Parameters. 50.0 Ohm Port Terminations.
      Magnitude/Angle. Touchstone Format.
        2.56000000 0.851897 178.67
        !< P1 F=2.56 Eeff=(3.34094485 -0.0793185) Z0=(57.9128564 0.30447894) R=15.8069687 C=0.05828984 

    Frequency:  2.429 GHZ
      Frequency completed Thu Nov 01 11:22:28 2018.
      De-embedded S-Parameters. 50.0 Ohm Port Terminations.
      Magnitude/Angle. Touchstone Format.
        2.42900000 0.102269 -175.5
        !< P1 F=2.429 Eeff=(3.34566434 -0.0778366) Z0=(57.9678591 0.32388146) R=16.849377 C=0.05820942 

Analysis completed Thu Nov 01 11:22:28 2018.
