Assembler report for Phased_WiFi_Telescope_FW
Mon Aug 20 15:35:35 2018
Quartus Prime Version 17.1.0 Build 590 10/25/2017 SJ Lite Edition


---------------------
; Table of Contents ;
---------------------
  1. Legal Notice
  2. Assembler Summary
  3. Assembler Settings
  4. Assembler Encrypted IP Cores Summary
  5. Assembler Generated Files
  6. Assembler Device Options: C:/Users/alist/OneDrive/Electrickery/Phased-Array-Radio-Telescope/Phased-Array-WiFi-Camera/FPGA_Firmware/output_files/Phased_WiFi_Telescope_FW_time_limited.sof
  7. Assembler Messages



----------------
; Legal Notice ;
----------------
Copyright (C) 2017  Intel Corporation. All rights reserved.
Your use of Intel Corporation's design tools, logic functions 
and other software and tools, and its AMPP partner logic 
functions, and any output files from any of the foregoing 
(including device programming or simulation files), and any 
associated documentation or information are expressly subject 
to the terms and conditions of the Intel Program License 
Subscription Agreement, the Intel Quartus Prime License Agreement,
the Intel FPGA IP License Agreement, or other applicable license
agreement, including, without limitation, that your use is for
the sole purpose of programming logic devices manufactured by
Intel and sold by Intel or its authorized distributors.  Please
refer to the applicable agreement for further details.



+---------------------------------------------------------------+
; Assembler Summary                                             ;
+-----------------------+---------------------------------------+
; Assembler Status      ; Successful - Mon Aug 20 15:35:35 2018 ;
; Revision Name         ; Phased_WiFi_Telescope_FW              ;
; Top-level Entity Name ; WiPhase_phys                          ;
; Family                ; Cyclone 10 LP                         ;
; Device                ; 10CL025YU256C8G                       ;
+-----------------------+---------------------------------------+


+----------------------------------+
; Assembler Settings               ;
+--------+---------+---------------+
; Option ; Setting ; Default Value ;
+--------+---------+---------------+


+------------------------------------------------------------+
; Assembler Encrypted IP Cores Summary                       ;
+--------+-----------------------------------+---------------+
; Vendor ; IP Core Name                      ; License Type  ;
+--------+-----------------------------------+---------------+
; Altera ; Triple-Speed Ethernet (6AF7 00BD) ; OpenCore Plus ;
; Altera ; Signal Tap (6AF7 BCE1)            ; Licensed      ;
; Altera ; Signal Tap (6AF7 BCEC)            ; Licensed      ;
+--------+-----------------------------------+---------------+


+-----------------------------------------------------------------------------------------------------------------------------------------------------------------+
; Assembler Generated Files                                                                                                                                       ;
+-----------------------------------------------------------------------------------------------------------------------------------------------------------------+
; File Name                                                                                                                                                       ;
+-----------------------------------------------------------------------------------------------------------------------------------------------------------------+
; C:/Users/alist/OneDrive/Electrickery/Phased-Array-Radio-Telescope/Phased-Array-WiFi-Camera/FPGA_Firmware/output_files/Phased_WiFi_Telescope_FW_time_limited.sof ;
+-----------------------------------------------------------------------------------------------------------------------------------------------------------------+


+-------------------------------------------------------------------------------------------------------------------------------------------------------------------------------------------+
; Assembler Device Options: C:/Users/alist/OneDrive/Electrickery/Phased-Array-Radio-Telescope/Phased-Array-WiFi-Camera/FPGA_Firmware/output_files/Phased_WiFi_Telescope_FW_time_limited.sof ;
+----------------+--------------------------------------------------------------------------------------------------------------------------------------------------------------------------+
; Option         ; Setting                                                                                                                                                                  ;
+----------------+--------------------------------------------------------------------------------------------------------------------------------------------------------------------------+
; JTAG usercode  ; 0x00447A9D                                                                                                                                                               ;
; Checksum       ; 0x00447A9D                                                                                                                                                               ;
+----------------+--------------------------------------------------------------------------------------------------------------------------------------------------------------------------+


+--------------------+
; Assembler Messages ;
+--------------------+
Info: *******************************************************************
Info: Running Quartus Prime Assembler
    Info: Version 17.1.0 Build 590 10/25/2017 SJ Lite Edition
    Info: Processing started: Mon Aug 20 15:35:32 2018
Info: Command: quartus_asm --read_settings_files=off --write_settings_files=off Phased_WiFi_Telescope_FW -c Phased_WiFi_Telescope_FW
Warning (18236): Number of processors has not been specified which may cause overloading on shared machines.  Set the global assignment NUM_PARALLEL_PROCESSORS in your QSF to an appropriate value for best performance.
Info (115031): Writing out detailed assembly data for power analysis
Info (115030): Assembler is generating device programming files
Info (115017): Design contains a time-limited core -- only a single, time-limited programming file can be generated
Warning (210042): Can't convert time-limited SOF into POF, HEX File, TTF, or RBF
Info: Quartus Prime Assembler was successful. 0 errors, 2 warnings
    Info: Peak virtual memory: 4724 megabytes
    Info: Processing ended: Mon Aug 20 15:35:35 2018
    Info: Elapsed time: 00:00:03
    Info: Total CPU time (on all processors): 00:00:03


