TimeQuest Timing Analyzer report for Phased_WiFi_Telescope_FW
Sun Aug 12 22:12:18 2018
Quartus Prime Version 17.1.0 Build 590 10/25/2017 SJ Lite Edition


---------------------
; Table of Contents ;
---------------------
  1. Legal Notice
  2. TimeQuest Timing Analyzer Summary
  3. Parallel Compilation
  4. SDC File List
  5. Clocks
  6. Slow 1200mV 85C Model Fmax Summary
  7. Timing Closure Recommendations
  8. Slow 1200mV 85C Model Setup Summary
  9. Slow 1200mV 85C Model Hold Summary
 10. Slow 1200mV 85C Model Recovery Summary
 11. Slow 1200mV 85C Model Removal Summary
 12. Slow 1200mV 85C Model Minimum Pulse Width Summary
 13. Slow 1200mV 85C Model Metastability Summary
 14. Slow 1200mV 0C Model Fmax Summary
 15. Slow 1200mV 0C Model Setup Summary
 16. Slow 1200mV 0C Model Hold Summary
 17. Slow 1200mV 0C Model Recovery Summary
 18. Slow 1200mV 0C Model Removal Summary
 19. Slow 1200mV 0C Model Minimum Pulse Width Summary
 20. Slow 1200mV 0C Model Metastability Summary
 21. Fast 1200mV 0C Model Setup Summary
 22. Fast 1200mV 0C Model Hold Summary
 23. Fast 1200mV 0C Model Recovery Summary
 24. Fast 1200mV 0C Model Removal Summary
 25. Fast 1200mV 0C Model Minimum Pulse Width Summary
 26. Fast 1200mV 0C Model Metastability Summary
 27. Multicorner Timing Analysis Summary
 28. Board Trace Model Assignments
 29. Input Transition Times
 30. Signal Integrity Metrics (Slow 1200mv 0c Model)
 31. Signal Integrity Metrics (Slow 1200mv 85c Model)
 32. Signal Integrity Metrics (Fast 1200mv 0c Model)
 33. Clock Transfers
 34. Report TCCS
 35. Report RSKM
 36. Unconstrained Paths Summary
 37. Clock Status Summary
 38. Unconstrained Input Ports
 39. Unconstrained Output Ports
 40. Unconstrained Input Ports
 41. Unconstrained Output Ports
 42. TimeQuest Timing Analyzer Messages



----------------
; Legal Notice ;
----------------
Copyright (C) 2017  Intel Corporation. All rights reserved.
Your use of Intel Corporation's design tools, logic functions 
and other software and tools, and its AMPP partner logic 
functions, and any output files from any of the foregoing 
(including device programming or simulation files), and any 
associated documentation or information are expressly subject 
to the terms and conditions of the Intel Program License 
Subscription Agreement, the Intel Quartus Prime License Agreement,
the Intel FPGA IP License Agreement, or other applicable license
agreement, including, without limitation, that your use is for
the sole purpose of programming logic devices manufactured by
Intel and sold by Intel or its authorized distributors.  Please
refer to the applicable agreement for further details.



+-----------------------------------------------------------------------------+
; TimeQuest Timing Analyzer Summary                                           ;
+-----------------------+-----------------------------------------------------+
; Quartus Prime Version ; Version 17.1.0 Build 590 10/25/2017 SJ Lite Edition ;
; Timing Analyzer       ; TimeQuest Spectra-Q                                 ;
; Revision Name         ; Phased_WiFi_Telescope_FW                            ;
; Device Family         ; Cyclone 10 LP                                       ;
; Device Name           ; 10CL025YU256C8G                                     ;
; Timing Models         ; Final                                               ;
; Delay Model           ; Combined                                            ;
; Rise/Fall Delays      ; Enabled                                             ;
+-----------------------+-----------------------------------------------------+


+------------------------------------------+
; Parallel Compilation                     ;
+----------------------------+-------------+
; Processors                 ; Number      ;
+----------------------------+-------------+
; Number detected on machine ; 4           ;
; Maximum allowed            ; 4           ;
;                            ;             ;
; Average used               ; 1.01        ;
; Maximum used               ; 4           ;
;                            ;             ;
; Usage by Processor         ; % Time Used ;
;     Processor 1            ; 100.0%      ;
;     Processor 2            ;   0.4%      ;
;     Processor 3            ;   0.3%      ;
;     Processor 4            ;   0.3%      ;
+----------------------------+-------------+


+------------------------------------------------------------------------------------------+
; SDC File List                                                                            ;
+------------------------------------------------------+--------+--------------------------+
; SDC File Path                                        ; Status ; Read at                  ;
+------------------------------------------------------+--------+--------------------------+
; Phased_WiFi_Telescope_FW.out.sdc                     ; OK     ; Sun Aug 12 22:12:18 2018 ;
; ethernet/synthesis/submodules/altera_eth_tse_mac.sdc ; OK     ; Sun Aug 12 22:12:18 2018 ;
+------------------------------------------------------+--------+--------------------------+


+----------------------------------------------------------------------------------------------------------------------------------------------------------------------------------------------------------------------------------------------------------------------------------------------------------------------+
; Clocks                                                                                                                                                                                                                                                                                                               ;
+-------------------------------------------------+-----------+--------+-----------+-------+--------+------------+-----------+-------------+-------+--------+-----------+------------+----------+------------+---------------------------------------------------+-----------------------------------------------------+
; Clock Name                                      ; Type      ; Period ; Frequency ; Rise  ; Fall   ; Duty Cycle ; Divide by ; Multiply by ; Phase ; Offset ; Edge List ; Edge Shift ; Inverted ; Master     ; Source                                            ; Targets                                             ;
+-------------------------------------------------+-----------+--------+-----------+-------+--------+------------+-----------+-------------+-------+--------+-----------+------------+----------+------------+---------------------------------------------------+-----------------------------------------------------+
; C10_clk50M                                      ; Base      ; 20.000 ; 50.0 MHz  ; 0.000 ; 10.000 ;            ;           ;             ;       ;        ;           ;            ;          ;            ;                                                   ; { C10_clk50M }                                      ;
; hmcad1511_lclk                                  ; Base      ; 10.000 ; 100.0 MHz ; 0.000 ; 5.000  ;            ;           ;             ;       ;        ;           ;            ;          ;            ;                                                   ; { hmcad1511_lclk }                                  ;
; pll|altpll_component|auto_generated|pll1|clk[0] ; Generated ; 5.000  ; 200.0 MHz ; 0.000 ; 2.500  ; 50.00      ; 1         ; 4           ;       ;        ;           ;            ; false    ; C10_clk50M ; pll|altpll_component|auto_generated|pll1|inclk[0] ; { pll|altpll_component|auto_generated|pll1|clk[0] } ;
+-------------------------------------------------+-----------+--------+-----------+-------+--------+------------+-----------+-------------+-------+--------+-----------+------------+----------+------------+---------------------------------------------------+-----------------------------------------------------+


--------------------------------------
; Slow 1200mV 85C Model Fmax Summary ;
--------------------------------------
No paths to report.


----------------------------------
; Timing Closure Recommendations ;
----------------------------------
HTML report is unavailable in plain text report export.


---------------------------------------
; Slow 1200mV 85C Model Setup Summary ;
---------------------------------------
No paths to report.


--------------------------------------
; Slow 1200mV 85C Model Hold Summary ;
--------------------------------------
No paths to report.


------------------------------------------
; Slow 1200mV 85C Model Recovery Summary ;
------------------------------------------
No paths to report.


-----------------------------------------
; Slow 1200mV 85C Model Removal Summary ;
-----------------------------------------
No paths to report.


+-------------------------------------------------------------------------+
; Slow 1200mV 85C Model Minimum Pulse Width Summary                       ;
+-------------------------------------------------+-------+---------------+
; Clock                                           ; Slack ; End Point TNS ;
+-------------------------------------------------+-------+---------------+
; pll|altpll_component|auto_generated|pll1|clk[0] ; 0.556 ; 0.000         ;
; hmcad1511_lclk                                  ; 4.623 ; 0.000         ;
; C10_clk50M                                      ; 9.888 ; 0.000         ;
+-------------------------------------------------+-------+---------------+


-----------------------------------------------
; Slow 1200mV 85C Model Metastability Summary ;
-----------------------------------------------
No synchronizer chains to report.


-------------------------------------
; Slow 1200mV 0C Model Fmax Summary ;
-------------------------------------
No paths to report.


--------------------------------------
; Slow 1200mV 0C Model Setup Summary ;
--------------------------------------
No paths to report.


-------------------------------------
; Slow 1200mV 0C Model Hold Summary ;
-------------------------------------
No paths to report.


-----------------------------------------
; Slow 1200mV 0C Model Recovery Summary ;
-----------------------------------------
No paths to report.


----------------------------------------
; Slow 1200mV 0C Model Removal Summary ;
----------------------------------------
No paths to report.


+-------------------------------------------------------------------------+
; Slow 1200mV 0C Model Minimum Pulse Width Summary                        ;
+-------------------------------------------------+-------+---------------+
; Clock                                           ; Slack ; End Point TNS ;
+-------------------------------------------------+-------+---------------+
; pll|altpll_component|auto_generated|pll1|clk[0] ; 0.556 ; 0.000         ;
; hmcad1511_lclk                                  ; 4.508 ; 0.000         ;
; C10_clk50M                                      ; 9.886 ; 0.000         ;
+-------------------------------------------------+-------+---------------+


----------------------------------------------
; Slow 1200mV 0C Model Metastability Summary ;
----------------------------------------------
No synchronizer chains to report.


--------------------------------------
; Fast 1200mV 0C Model Setup Summary ;
--------------------------------------
No paths to report.


-------------------------------------
; Fast 1200mV 0C Model Hold Summary ;
-------------------------------------
No paths to report.


-----------------------------------------
; Fast 1200mV 0C Model Recovery Summary ;
-----------------------------------------
No paths to report.


----------------------------------------
; Fast 1200mV 0C Model Removal Summary ;
----------------------------------------
No paths to report.


+-------------------------------------------------------------------------+
; Fast 1200mV 0C Model Minimum Pulse Width Summary                        ;
+-------------------------------------------------+-------+---------------+
; Clock                                           ; Slack ; End Point TNS ;
+-------------------------------------------------+-------+---------------+
; pll|altpll_component|auto_generated|pll1|clk[0] ; 1.000 ; 0.000         ;
; hmcad1511_lclk                                  ; 4.651 ; 0.000         ;
; C10_clk50M                                      ; 9.448 ; 0.000         ;
+-------------------------------------------------+-------+---------------+


----------------------------------------------
; Fast 1200mV 0C Model Metastability Summary ;
----------------------------------------------
No synchronizer chains to report.


+------------------------------------------------------------------------------------------------------------+
; Multicorner Timing Analysis Summary                                                                        ;
+--------------------------------------------------+-------+------+----------+---------+---------------------+
; Clock                                            ; Setup ; Hold ; Recovery ; Removal ; Minimum Pulse Width ;
+--------------------------------------------------+-------+------+----------+---------+---------------------+
; Worst-case Slack                                 ; N/A   ; N/A  ; N/A      ; N/A     ; 0.556               ;
;  C10_clk50M                                      ; N/A   ; N/A  ; N/A      ; N/A     ; 9.448               ;
;  hmcad1511_lclk                                  ; N/A   ; N/A  ; N/A      ; N/A     ; 4.508               ;
;  pll|altpll_component|auto_generated|pll1|clk[0] ; N/A   ; N/A  ; N/A      ; N/A     ; 0.556               ;
; Design-wide TNS                                  ; 0.0   ; 0.0  ; 0.0      ; 0.0     ; 0.0                 ;
;  C10_clk50M                                      ; N/A   ; N/A  ; N/A      ; N/A     ; 0.000               ;
;  hmcad1511_lclk                                  ; N/A   ; N/A  ; N/A      ; N/A     ; 0.000               ;
;  pll|altpll_component|auto_generated|pll1|clk[0] ; N/A   ; N/A  ; N/A      ; N/A     ; 0.000               ;
+--------------------------------------------------+-------+------+----------+---------+---------------------+


+-----------------------------------------------------------------------------------------------------------------------------------------------------------------------------------------------------------------------------------------------------------------------------------------------------------------------------------------------------------------------------------------------------------------------------------------+
; Board Trace Model Assignments                                                                                                                                                                                                                                                                                                                                                                                                           ;
+-------------------+---------------------------------+-------------------+-------------------------+-------------------------+---------------+---------------------+----------------+------------------+--------+------------------+------------------------+------------------------+--------------+---------------+-----------------+-------+---------------------+--------------------+---------------+-----------------+-------------+
; Pin               ; I/O Standard                    ; Near Tline Length ; Near Tline L per Length ; Near Tline C per Length ; Near Series R ; Near Differential R ; Near Pull-up R ; Near Pull-down R ; Near C ; Far Tline Length ; Far Tline L per Length ; Far Tline C per Length ; Far Series R ; Far Pull-up R ; Far Pull-down R ; Far C ; Termination Voltage ; Far Differential R ; EBD File Name ; EBD Signal Name ; EBD Far-end ;
+-------------------+---------------------------------+-------------------+-------------------------+-------------------------+---------------+---------------------+----------------+------------------+--------+------------------+------------------------+------------------------+--------------+---------------+-----------------+-------+---------------------+--------------------+---------------+-----------------+-------------+
; adc_cs            ; 2.5 V                           ; 0 in              ; 0 H/in                  ; 0 F/in                  ; short         ; -                   ; open           ; open             ; open   ; 0 in             ; 0 H/in                 ; 0 F/in                 ; short        ; open          ; open            ; open  ; 0 V                 ; -                  ; n/a           ; n/a             ; n/a         ;
; vga_cs            ; 2.5 V                           ; 0 in              ; 0 H/in                  ; 0 F/in                  ; short         ; -                   ; open           ; open             ; open   ; 0 in             ; 0 H/in                 ; 0 F/in                 ; short        ; open          ; open            ; open  ; 0 V                 ; -                  ; n/a           ; n/a             ; n/a         ;
; dac_cs            ; 2.5 V                           ; 0 in              ; 0 H/in                  ; 0 F/in                  ; short         ; -                   ; open           ; open             ; open   ; 0 in             ; 0 H/in                 ; 0 F/in                 ; short        ; open          ; open            ; open  ; 0 V                 ; -                  ; n/a           ; n/a             ; n/a         ;
; mosi              ; 2.5 V                           ; 0 in              ; 0 H/in                  ; 0 F/in                  ; short         ; -                   ; open           ; open             ; open   ; 0 in             ; 0 H/in                 ; 0 F/in                 ; short        ; open          ; open            ; open  ; 0 V                 ; -                  ; n/a           ; n/a             ; n/a         ;
; sclk              ; 2.5 V                           ; 0 in              ; 0 H/in                  ; 0 F/in                  ; short         ; -                   ; open           ; open             ; open   ; 0 in             ; 0 H/in                 ; 0 F/in                 ; short        ; open          ; open            ; open  ; 0 V                 ; -                  ; n/a           ; n/a             ; n/a         ;
; sample_pll_out    ; Differential 2.5-V SSTL Class I ; 0 in              ; 0 H/in                  ; 0 F/in                  ; 25 Ohm        ; open                ; open           ; open             ; open   ; 0 in             ; 0 H/in                 ; 0 F/in                 ; short        ; 50 Ohm        ; open            ; open  ; half vccio          ; open               ; n/a           ; n/a             ; n/a         ;
; sample_pll_out(n) ; Differential 2.5-V SSTL Class I ; 0 in              ; 0 H/in                  ; 0 F/in                  ; 25 Ohm        ; open                ; open           ; open             ; open   ; 0 in             ; 0 H/in                 ; 0 F/in                 ; short        ; 50 Ohm        ; open            ; open  ; half vccio          ; open               ; n/a           ; n/a             ; n/a         ;
+-------------------+---------------------------------+-------------------+-------------------------+-------------------------+---------------+---------------------+----------------+------------------+--------+------------------+------------------------+------------------------+--------------+---------------+-----------------+-------+---------------------+--------------------+---------------+-----------------+-------------+


+----------------------------------------------------------------------+
; Input Transition Times                                               ;
+-------------------+--------------+-----------------+-----------------+
; Pin               ; I/O Standard ; 10-90 Rise Time ; 90-10 Fall Time ;
+-------------------+--------------+-----------------+-----------------+
; hmcad1511_fclk    ; LVDS         ; 2000 ps         ; 2000 ps         ;
; hmcad1511_d4b     ; LVDS         ; 2000 ps         ; 2000 ps         ;
; hmcad1511_lclk    ; LVDS         ; 2000 ps         ; 2000 ps         ;
; hmcad1511_d4a     ; LVDS         ; 2000 ps         ; 2000 ps         ;
; hmcad1511_d3b     ; LVDS         ; 2000 ps         ; 2000 ps         ;
; hmcad1511_d3a     ; LVDS         ; 2000 ps         ; 2000 ps         ;
; hmcad1511_d2b     ; LVDS         ; 2000 ps         ; 2000 ps         ;
; hmcad1511_d2a     ; LVDS         ; 2000 ps         ; 2000 ps         ;
; hmcad1511_d1b     ; LVDS         ; 2000 ps         ; 2000 ps         ;
; hmcad1511_d1a     ; LVDS         ; 2000 ps         ; 2000 ps         ;
; C10_clk50M        ; 3.3-V LVCMOS ; 2640 ps         ; 2640 ps         ;
; ~ALTERA_DCLK~     ; 2.5 V        ; 2000 ps         ; 2000 ps         ;
; ~ALTERA_DATA0~    ; 2.5 V        ; 2000 ps         ; 2000 ps         ;
; hmcad1511_fclk(n) ; LVDS         ; 2000 ps         ; 2000 ps         ;
; hmcad1511_d4b(n)  ; LVDS         ; 2000 ps         ; 2000 ps         ;
; hmcad1511_lclk(n) ; LVDS         ; 2000 ps         ; 2000 ps         ;
; hmcad1511_d4a(n)  ; LVDS         ; 2000 ps         ; 2000 ps         ;
; hmcad1511_d3b(n)  ; LVDS         ; 2000 ps         ; 2000 ps         ;
; hmcad1511_d3a(n)  ; LVDS         ; 2000 ps         ; 2000 ps         ;
; hmcad1511_d2b(n)  ; LVDS         ; 2000 ps         ; 2000 ps         ;
; hmcad1511_d2a(n)  ; LVDS         ; 2000 ps         ; 2000 ps         ;
; hmcad1511_d1b(n)  ; LVDS         ; 2000 ps         ; 2000 ps         ;
; hmcad1511_d1a(n)  ; LVDS         ; 2000 ps         ; 2000 ps         ;
+-------------------+--------------+-----------------+-----------------+


+-------------------------------------------------------------------------------------------------------------------------------------------------------------------------------------------------------------------------------------------------------------------------------------------------------------------------------------------------------------------------------------------------------------------------------------------------------------------------------------------------------------------------------------------------------------------------------------------------------------------------------------------------------------------------------------------------------------------+
; Signal Integrity Metrics (Slow 1200mv 0c Model)                                                                                                                                                                                                                                                                                                                                                                                                                                                                                                                                                                                                                                                                   ;
+-------------------+---------------------------------+---------------------+---------------------+------------------------------+------------------------------+---------------------+---------------------+--------------------------------------+--------------------------------------+-----------------------------+-----------------------------+----------------------------+----------------------------+-----------------------------+-----------------------------+--------------------+--------------------+-------------------------------------+-------------------------------------+----------------------------+----------------------------+---------------------------+---------------------------+
; Pin               ; I/O Standard                    ; Board Delay on Rise ; Board Delay on Fall ; Steady State Voh at FPGA Pin ; Steady State Vol at FPGA Pin ; Voh Max at FPGA Pin ; Vol Min at FPGA Pin ; Ringback Voltage on Rise at FPGA Pin ; Ringback Voltage on Fall at FPGA Pin ; 10-90 Rise Time at FPGA Pin ; 90-10 Fall Time at FPGA Pin ; Monotonic Rise at FPGA Pin ; Monotonic Fall at FPGA Pin ; Steady State Voh at Far-end ; Steady State Vol at Far-end ; Voh Max at Far-end ; Vol Min at Far-end ; Ringback Voltage on Rise at Far-end ; Ringback Voltage on Fall at Far-end ; 10-90 Rise Time at Far-end ; 90-10 Fall Time at Far-end ; Monotonic Rise at Far-end ; Monotonic Fall at Far-end ;
+-------------------+---------------------------------+---------------------+---------------------+------------------------------+------------------------------+---------------------+---------------------+--------------------------------------+--------------------------------------+-----------------------------+-----------------------------+----------------------------+----------------------------+-----------------------------+-----------------------------+--------------------+--------------------+-------------------------------------+-------------------------------------+----------------------------+----------------------------+---------------------------+---------------------------+
; adc_cs            ; 2.5 V                           ; 0 s                 ; 0 s                 ; 2.32 V                       ; 2.8e-09 V                    ; 2.37 V              ; -0.00373 V          ; 0.104 V                              ; 0.011 V                              ; 4.34e-10 s                  ; 3.82e-10 s                  ; Yes                        ; Yes                        ; 2.32 V                      ; 2.8e-09 V                   ; 2.37 V             ; -0.00373 V         ; 0.104 V                             ; 0.011 V                             ; 4.34e-10 s                 ; 3.82e-10 s                 ; Yes                       ; Yes                       ;
; vga_cs            ; 2.5 V                           ; 0 s                 ; 0 s                 ; 2.32 V                       ; 2.8e-09 V                    ; 2.37 V              ; -0.00373 V          ; 0.104 V                              ; 0.011 V                              ; 4.34e-10 s                  ; 3.82e-10 s                  ; Yes                        ; Yes                        ; 2.32 V                      ; 2.8e-09 V                   ; 2.37 V             ; -0.00373 V         ; 0.104 V                             ; 0.011 V                             ; 4.34e-10 s                 ; 3.82e-10 s                 ; Yes                       ; Yes                       ;
; dac_cs            ; 2.5 V                           ; 0 s                 ; 0 s                 ; 2.32 V                       ; 2.07e-09 V                   ; 2.36 V              ; -0.00737 V          ; 0.209 V                              ; 0.012 V                              ; 5.22e-10 s                  ; 5.33e-10 s                  ; Yes                        ; Yes                        ; 2.32 V                      ; 2.07e-09 V                  ; 2.36 V             ; -0.00737 V         ; 0.209 V                             ; 0.012 V                             ; 5.22e-10 s                 ; 5.33e-10 s                 ; Yes                       ; Yes                       ;
; mosi              ; 2.5 V                           ; 0 s                 ; 0 s                 ; 2.32 V                       ; 2.07e-09 V                   ; 2.33 V              ; -0.00421 V          ; 0.165 V                              ; 0.078 V                              ; 3.11e-09 s                  ; 2.85e-09 s                  ; Yes                        ; Yes                        ; 2.32 V                      ; 2.07e-09 V                  ; 2.33 V             ; -0.00421 V         ; 0.165 V                             ; 0.078 V                             ; 3.11e-09 s                 ; 2.85e-09 s                 ; Yes                       ; Yes                       ;
; sclk              ; 2.5 V                           ; 0 s                 ; 0 s                 ; 2.32 V                       ; 2.8e-09 V                    ; 2.37 V              ; -0.00373 V          ; 0.104 V                              ; 0.011 V                              ; 4.34e-10 s                  ; 3.82e-10 s                  ; Yes                        ; Yes                        ; 2.32 V                      ; 2.8e-09 V                   ; 2.37 V             ; -0.00373 V         ; 0.104 V                             ; 0.011 V                             ; 4.34e-10 s                 ; 3.82e-10 s                 ; Yes                       ; Yes                       ;
; sample_pll_out    ; Differential 2.5-V SSTL Class I ; 0 s                 ; 0 s                 ; 1.7 V                        ; -1.7 V                       ; -                   ; -                   ; -                                    ; -                                    ; 3.22e-10 s                  ; 3.22e-10 s                  ; Yes                        ; Yes                        ; 1.13 V                      ; -1.13 V                     ; -                  ; -                  ; -                                   ; -                                   ; 3.22e-10 s                 ; 3.22e-10 s                 ; Yes                       ; Yes                       ;
; sample_pll_out(n) ; Differential 2.5-V SSTL Class I ; 0 s                 ; 0 s                 ; 1.7 V                        ; -1.7 V                       ; -                   ; -                   ; -                                    ; -                                    ; 3.22e-10 s                  ; 3.22e-10 s                  ; Yes                        ; Yes                        ; 1.13 V                      ; -1.13 V                     ; -                  ; -                  ; -                                   ; -                                   ; 3.22e-10 s                 ; 3.22e-10 s                 ; Yes                       ; Yes                       ;
+-------------------+---------------------------------+---------------------+---------------------+------------------------------+------------------------------+---------------------+---------------------+--------------------------------------+--------------------------------------+-----------------------------+-----------------------------+----------------------------+----------------------------+-----------------------------+-----------------------------+--------------------+--------------------+-------------------------------------+-------------------------------------+----------------------------+----------------------------+---------------------------+---------------------------+


+-------------------------------------------------------------------------------------------------------------------------------------------------------------------------------------------------------------------------------------------------------------------------------------------------------------------------------------------------------------------------------------------------------------------------------------------------------------------------------------------------------------------------------------------------------------------------------------------------------------------------------------------------------------------------------------------------------------------+
; Signal Integrity Metrics (Slow 1200mv 85c Model)                                                                                                                                                                                                                                                                                                                                                                                                                                                                                                                                                                                                                                                                  ;
+-------------------+---------------------------------+---------------------+---------------------+------------------------------+------------------------------+---------------------+---------------------+--------------------------------------+--------------------------------------+-----------------------------+-----------------------------+----------------------------+----------------------------+-----------------------------+-----------------------------+--------------------+--------------------+-------------------------------------+-------------------------------------+----------------------------+----------------------------+---------------------------+---------------------------+
; Pin               ; I/O Standard                    ; Board Delay on Rise ; Board Delay on Fall ; Steady State Voh at FPGA Pin ; Steady State Vol at FPGA Pin ; Voh Max at FPGA Pin ; Vol Min at FPGA Pin ; Ringback Voltage on Rise at FPGA Pin ; Ringback Voltage on Fall at FPGA Pin ; 10-90 Rise Time at FPGA Pin ; 90-10 Fall Time at FPGA Pin ; Monotonic Rise at FPGA Pin ; Monotonic Fall at FPGA Pin ; Steady State Voh at Far-end ; Steady State Vol at Far-end ; Voh Max at Far-end ; Vol Min at Far-end ; Ringback Voltage on Rise at Far-end ; Ringback Voltage on Fall at Far-end ; 10-90 Rise Time at Far-end ; 90-10 Fall Time at Far-end ; Monotonic Rise at Far-end ; Monotonic Fall at Far-end ;
+-------------------+---------------------------------+---------------------+---------------------+------------------------------+------------------------------+---------------------+---------------------+--------------------------------------+--------------------------------------+-----------------------------+-----------------------------+----------------------------+----------------------------+-----------------------------+-----------------------------+--------------------+--------------------+-------------------------------------+-------------------------------------+----------------------------+----------------------------+---------------------------+---------------------------+
; adc_cs            ; 2.5 V                           ; 0 s                 ; 0 s                 ; 2.32 V                       ; 2.85e-07 V                   ; 2.35 V              ; -0.0123 V           ; 0.144 V                              ; 0.042 V                              ; 4.81e-10 s                  ; 4.81e-10 s                  ; Yes                        ; Yes                        ; 2.32 V                      ; 2.85e-07 V                  ; 2.35 V             ; -0.0123 V          ; 0.144 V                             ; 0.042 V                             ; 4.81e-10 s                 ; 4.81e-10 s                 ; Yes                       ; Yes                       ;
; vga_cs            ; 2.5 V                           ; 0 s                 ; 0 s                 ; 2.32 V                       ; 2.85e-07 V                   ; 2.35 V              ; -0.0123 V           ; 0.144 V                              ; 0.042 V                              ; 4.81e-10 s                  ; 4.81e-10 s                  ; Yes                        ; Yes                        ; 2.32 V                      ; 2.85e-07 V                  ; 2.35 V             ; -0.0123 V          ; 0.144 V                             ; 0.042 V                             ; 4.81e-10 s                 ; 4.81e-10 s                 ; Yes                       ; Yes                       ;
; dac_cs            ; 2.5 V                           ; 0 s                 ; 0 s                 ; 2.32 V                       ; 1.93e-07 V                   ; 2.34 V              ; -0.00869 V          ; 0.14 V                               ; 0.046 V                              ; 6.89e-10 s                  ; 6.56e-10 s                  ; Yes                        ; Yes                        ; 2.32 V                      ; 1.93e-07 V                  ; 2.34 V             ; -0.00869 V         ; 0.14 V                              ; 0.046 V                             ; 6.89e-10 s                 ; 6.56e-10 s                 ; Yes                       ; Yes                       ;
; mosi              ; 2.5 V                           ; 0 s                 ; 0 s                 ; 2.32 V                       ; 1.93e-07 V                   ; 2.33 V              ; -0.0022 V           ; 0.088 V                              ; 0.056 V                              ; 3.76e-09 s                  ; 3.48e-09 s                  ; Yes                        ; Yes                        ; 2.32 V                      ; 1.93e-07 V                  ; 2.33 V             ; -0.0022 V          ; 0.088 V                             ; 0.056 V                             ; 3.76e-09 s                 ; 3.48e-09 s                 ; Yes                       ; Yes                       ;
; sclk              ; 2.5 V                           ; 0 s                 ; 0 s                 ; 2.32 V                       ; 2.85e-07 V                   ; 2.35 V              ; -0.0123 V           ; 0.144 V                              ; 0.042 V                              ; 4.81e-10 s                  ; 4.81e-10 s                  ; Yes                        ; Yes                        ; 2.32 V                      ; 2.85e-07 V                  ; 2.35 V             ; -0.0123 V          ; 0.144 V                             ; 0.042 V                             ; 4.81e-10 s                 ; 4.81e-10 s                 ; Yes                       ; Yes                       ;
; sample_pll_out    ; Differential 2.5-V SSTL Class I ; 0 s                 ; 0 s                 ; 1.58 V                       ; -1.58 V                      ; -                   ; -                   ; -                                    ; -                                    ; 3.73e-10 s                  ; 3.73e-10 s                  ; Yes                        ; Yes                        ; 1.05 V                      ; -1.05 V                     ; -                  ; -                  ; -                                   ; -                                   ; 3.73e-10 s                 ; 3.73e-10 s                 ; Yes                       ; Yes                       ;
; sample_pll_out(n) ; Differential 2.5-V SSTL Class I ; 0 s                 ; 0 s                 ; 1.58 V                       ; -1.58 V                      ; -                   ; -                   ; -                                    ; -                                    ; 3.73e-10 s                  ; 3.73e-10 s                  ; Yes                        ; Yes                        ; 1.05 V                      ; -1.05 V                     ; -                  ; -                  ; -                                   ; -                                   ; 3.73e-10 s                 ; 3.73e-10 s                 ; Yes                       ; Yes                       ;
+-------------------+---------------------------------+---------------------+---------------------+------------------------------+------------------------------+---------------------+---------------------+--------------------------------------+--------------------------------------+-----------------------------+-----------------------------+----------------------------+----------------------------+-----------------------------+-----------------------------+--------------------+--------------------+-------------------------------------+-------------------------------------+----------------------------+----------------------------+---------------------------+---------------------------+


+-------------------------------------------------------------------------------------------------------------------------------------------------------------------------------------------------------------------------------------------------------------------------------------------------------------------------------------------------------------------------------------------------------------------------------------------------------------------------------------------------------------------------------------------------------------------------------------------------------------------------------------------------------------------------------------------------------------------+
; Signal Integrity Metrics (Fast 1200mv 0c Model)                                                                                                                                                                                                                                                                                                                                                                                                                                                                                                                                                                                                                                                                   ;
+-------------------+---------------------------------+---------------------+---------------------+------------------------------+------------------------------+---------------------+---------------------+--------------------------------------+--------------------------------------+-----------------------------+-----------------------------+----------------------------+----------------------------+-----------------------------+-----------------------------+--------------------+--------------------+-------------------------------------+-------------------------------------+----------------------------+----------------------------+---------------------------+---------------------------+
; Pin               ; I/O Standard                    ; Board Delay on Rise ; Board Delay on Fall ; Steady State Voh at FPGA Pin ; Steady State Vol at FPGA Pin ; Voh Max at FPGA Pin ; Vol Min at FPGA Pin ; Ringback Voltage on Rise at FPGA Pin ; Ringback Voltage on Fall at FPGA Pin ; 10-90 Rise Time at FPGA Pin ; 90-10 Fall Time at FPGA Pin ; Monotonic Rise at FPGA Pin ; Monotonic Fall at FPGA Pin ; Steady State Voh at Far-end ; Steady State Vol at Far-end ; Voh Max at Far-end ; Vol Min at Far-end ; Ringback Voltage on Rise at Far-end ; Ringback Voltage on Fall at Far-end ; 10-90 Rise Time at Far-end ; 90-10 Fall Time at Far-end ; Monotonic Rise at Far-end ; Monotonic Fall at Far-end ;
+-------------------+---------------------------------+---------------------+---------------------+------------------------------+------------------------------+---------------------+---------------------+--------------------------------------+--------------------------------------+-----------------------------+-----------------------------+----------------------------+----------------------------+-----------------------------+-----------------------------+--------------------+--------------------+-------------------------------------+-------------------------------------+----------------------------+----------------------------+---------------------------+---------------------------+
; adc_cs            ; 2.5 V                           ; 0 s                 ; 0 s                 ; 2.62 V                       ; 4.05e-08 V                   ; 2.72 V              ; -0.0349 V           ; 0.173 V                              ; 0.1 V                                ; 2.72e-10 s                  ; 2.69e-10 s                  ; Yes                        ; Yes                        ; 2.62 V                      ; 4.05e-08 V                  ; 2.72 V             ; -0.0349 V          ; 0.173 V                             ; 0.1 V                               ; 2.72e-10 s                 ; 2.69e-10 s                 ; Yes                       ; Yes                       ;
; vga_cs            ; 2.5 V                           ; 0 s                 ; 0 s                 ; 2.62 V                       ; 4.05e-08 V                   ; 2.72 V              ; -0.0349 V           ; 0.173 V                              ; 0.1 V                                ; 2.72e-10 s                  ; 2.69e-10 s                  ; Yes                        ; Yes                        ; 2.62 V                      ; 4.05e-08 V                  ; 2.72 V             ; -0.0349 V          ; 0.173 V                             ; 0.1 V                               ; 2.72e-10 s                 ; 2.69e-10 s                 ; Yes                       ; Yes                       ;
; dac_cs            ; 2.5 V                           ; 0 s                 ; 0 s                 ; 2.62 V                       ; 2.74e-08 V                   ; 2.71 V              ; -0.0317 V           ; 0.148 V                              ; 0.064 V                              ; 4.51e-10 s                  ; 4.15e-10 s                  ; No                         ; Yes                        ; 2.62 V                      ; 2.74e-08 V                  ; 2.71 V             ; -0.0317 V          ; 0.148 V                             ; 0.064 V                             ; 4.51e-10 s                 ; 4.15e-10 s                 ; No                        ; Yes                       ;
; mosi              ; 2.5 V                           ; 0 s                 ; 0 s                 ; 2.62 V                       ; 2.74e-08 V                   ; 2.64 V              ; -0.0117 V           ; 0.202 V                              ; 0.176 V                              ; 2.38e-09 s                  ; 2.22e-09 s                  ; No                         ; Yes                        ; 2.62 V                      ; 2.74e-08 V                  ; 2.64 V             ; -0.0117 V          ; 0.202 V                             ; 0.176 V                             ; 2.38e-09 s                 ; 2.22e-09 s                 ; No                        ; Yes                       ;
; sclk              ; 2.5 V                           ; 0 s                 ; 0 s                 ; 2.62 V                       ; 4.05e-08 V                   ; 2.72 V              ; -0.0349 V           ; 0.173 V                              ; 0.1 V                                ; 2.72e-10 s                  ; 2.69e-10 s                  ; Yes                        ; Yes                        ; 2.62 V                      ; 4.05e-08 V                  ; 2.72 V             ; -0.0349 V          ; 0.173 V                             ; 0.1 V                               ; 2.72e-10 s                 ; 2.69e-10 s                 ; Yes                       ; Yes                       ;
; sample_pll_out    ; Differential 2.5-V SSTL Class I ; 0 s                 ; 0 s                 ; 2.05 V                       ; -2.05 V                      ; -                   ; -                   ; -                                    ; -                                    ; 2.4e-10 s                   ; 2.4e-10 s                   ; Yes                        ; Yes                        ; 1.37 V                      ; -1.37 V                     ; -                  ; -                  ; -                                   ; -                                   ; 2.4e-10 s                  ; 2.4e-10 s                  ; Yes                       ; Yes                       ;
; sample_pll_out(n) ; Differential 2.5-V SSTL Class I ; 0 s                 ; 0 s                 ; 2.05 V                       ; -2.05 V                      ; -                   ; -                   ; -                                    ; -                                    ; 2.4e-10 s                   ; 2.4e-10 s                   ; Yes                        ; Yes                        ; 1.37 V                      ; -1.37 V                     ; -                  ; -                  ; -                                   ; -                                   ; 2.4e-10 s                  ; 2.4e-10 s                  ; Yes                       ; Yes                       ;
+-------------------+---------------------------------+---------------------+---------------------+------------------------------+------------------------------+---------------------+---------------------+--------------------------------------+--------------------------------------+-----------------------------+-----------------------------+----------------------------+----------------------------+-----------------------------+-----------------------------+--------------------+--------------------+-------------------------------------+-------------------------------------+----------------------------+----------------------------+---------------------------+---------------------------+


-------------------
; Clock Transfers ;
-------------------
Nothing to report.


---------------
; Report TCCS ;
---------------
No dedicated SERDES Transmitter circuitry present in device or used in design


---------------
; Report RSKM ;
---------------
No non-DPA dedicated SERDES Receiver circuitry present in device or used in design


+------------------------------------------------+
; Unconstrained Paths Summary                    ;
+---------------------------------+-------+------+
; Property                        ; Setup ; Hold ;
+---------------------------------+-------+------+
; Illegal Clocks                  ; 0     ; 0    ;
; Unconstrained Clocks            ; 0     ; 0    ;
; Unconstrained Input Ports       ; 8     ; 8    ;
; Unconstrained Input Port Paths  ; 16    ; 16   ;
; Unconstrained Output Ports      ; 2     ; 2    ;
; Unconstrained Output Port Paths ; 2     ; 2    ;
+---------------------------------+-------+------+


+-----------------------------------------------------------------------------------------------------------------------------+
; Clock Status Summary                                                                                                        ;
+-------------------------------------------------+-------------------------------------------------+-----------+-------------+
; Target                                          ; Clock                                           ; Type      ; Status      ;
+-------------------------------------------------+-------------------------------------------------+-----------+-------------+
; C10_clk50M                                      ; C10_clk50M                                      ; Base      ; Constrained ;
; hmcad1511_lclk                                  ; hmcad1511_lclk                                  ; Base      ; Constrained ;
; pll|altpll_component|auto_generated|pll1|clk[0] ; pll|altpll_component|auto_generated|pll1|clk[0] ; Generated ; Constrained ;
+-------------------------------------------------+-------------------------------------------------+-----------+-------------+


+------------------------------------------------------------------------------------------------------+
; Unconstrained Input Ports                                                                            ;
+---------------+--------------------------------------------------------------------------------------+
; Input Port    ; Comment                                                                              ;
+---------------+--------------------------------------------------------------------------------------+
; hmcad1511_d1a ; No input delay, min/max delays, false-path exceptions, or max skew assignments found ;
; hmcad1511_d1b ; No input delay, min/max delays, false-path exceptions, or max skew assignments found ;
; hmcad1511_d2a ; No input delay, min/max delays, false-path exceptions, or max skew assignments found ;
; hmcad1511_d2b ; No input delay, min/max delays, false-path exceptions, or max skew assignments found ;
; hmcad1511_d3a ; No input delay, min/max delays, false-path exceptions, or max skew assignments found ;
; hmcad1511_d3b ; No input delay, min/max delays, false-path exceptions, or max skew assignments found ;
; hmcad1511_d4a ; No input delay, min/max delays, false-path exceptions, or max skew assignments found ;
; hmcad1511_d4b ; No input delay, min/max delays, false-path exceptions, or max skew assignments found ;
+---------------+--------------------------------------------------------------------------------------+


+-----------------------------------------------------------------------------------------------------------+
; Unconstrained Output Ports                                                                                ;
+-------------------+---------------------------------------------------------------------------------------+
; Output Port       ; Comment                                                                               ;
+-------------------+---------------------------------------------------------------------------------------+
; sample_pll_out    ; No output delay, min/max delays, false-path exceptions, or max skew assignments found ;
; sample_pll_out(n) ; No output delay, min/max delays, false-path exceptions, or max skew assignments found ;
+-------------------+---------------------------------------------------------------------------------------+


+------------------------------------------------------------------------------------------------------+
; Unconstrained Input Ports                                                                            ;
+---------------+--------------------------------------------------------------------------------------+
; Input Port    ; Comment                                                                              ;
+---------------+--------------------------------------------------------------------------------------+
; hmcad1511_d1a ; No input delay, min/max delays, false-path exceptions, or max skew assignments found ;
; hmcad1511_d1b ; No input delay, min/max delays, false-path exceptions, or max skew assignments found ;
; hmcad1511_d2a ; No input delay, min/max delays, false-path exceptions, or max skew assignments found ;
; hmcad1511_d2b ; No input delay, min/max delays, false-path exceptions, or max skew assignments found ;
; hmcad1511_d3a ; No input delay, min/max delays, false-path exceptions, or max skew assignments found ;
; hmcad1511_d3b ; No input delay, min/max delays, false-path exceptions, or max skew assignments found ;
; hmcad1511_d4a ; No input delay, min/max delays, false-path exceptions, or max skew assignments found ;
; hmcad1511_d4b ; No input delay, min/max delays, false-path exceptions, or max skew assignments found ;
+---------------+--------------------------------------------------------------------------------------+


+-----------------------------------------------------------------------------------------------------------+
; Unconstrained Output Ports                                                                                ;
+-------------------+---------------------------------------------------------------------------------------+
; Output Port       ; Comment                                                                               ;
+-------------------+---------------------------------------------------------------------------------------+
; sample_pll_out    ; No output delay, min/max delays, false-path exceptions, or max skew assignments found ;
; sample_pll_out(n) ; No output delay, min/max delays, false-path exceptions, or max skew assignments found ;
+-------------------+---------------------------------------------------------------------------------------+


+------------------------------------+
; TimeQuest Timing Analyzer Messages ;
+------------------------------------+
Info: *******************************************************************
Info: Running Quartus Prime TimeQuest Timing Analyzer
    Info: Version 17.1.0 Build 590 10/25/2017 SJ Lite Edition
    Info: Processing started: Sun Aug 12 22:12:17 2018
Info: Command: quartus_sta Phased_WiFi_Telescope_FW -c Phased_WiFi_Telescope_FW
Info: qsta_default_script.tcl version: #3
Warning (20013): Ignored 51 assignments for entity "altera_eth_tse_mac" -- entity does not exist in design
Warning (20013): Ignored 31 assignments for entity "ethernet" -- entity does not exist in design
Warning (20013): Ignored 48 assignments for entity "ethernet_eth_tse_0" -- entity does not exist in design
Warning (18236): Number of processors has not been specified which may cause overloading on shared machines.  Set the global assignment NUM_PARALLEL_PROCESSORS in your QSF to an appropriate value for best performance.
Info (20030): Parallel compilation is enabled and will use 4 of the 4 processors detected
Info (21077): Low junction temperature is 0 degrees C
Info (21077): High junction temperature is 85 degrees C
Info (332104): Reading SDC File: 'Phased_WiFi_Telescope_FW.out.sdc'
Info (332104): Reading SDC File: 'ethernet/synthesis/submodules/altera_eth_tse_mac.sdc'
Warning (332174): Ignored filter at altera_eth_tse_mac.sdc(30): *altera_eth_tse_std_synchronizer:*|altera_std_synchronizer_nocut:*|din_s1 could not be matched with a register File: C:/Users/alist/OneDrive/Electrickery/Phased Array Radio Telescope/Phased-Array-WiFi-Camera/FPGA Firmware/ethernet/synthesis/submodules/altera_eth_tse_mac.sdc Line: 30
Warning (332049): Ignored set_net_delay at altera_eth_tse_mac.sdc(30): argument -to with value [get_registers {*altera_eth_tse_std_synchronizer:*|altera_std_synchronizer_nocut:*|din_s1}] contains zero elements File: C:/Users/alist/OneDrive/Electrickery/Phased Array Radio Telescope/Phased-Array-WiFi-Camera/FPGA Firmware/ethernet/synthesis/submodules/altera_eth_tse_mac.sdc Line: 30
    Info (332050): set_net_delay -from [get_pins -compatibility_mode ${from_reg}|q] -to [get_registers ${to_reg}] -max $max_net_delay File: C:/Users/alist/OneDrive/Electrickery/Phased Array Radio Telescope/Phased-Array-WiFi-Camera/FPGA Firmware/ethernet/synthesis/submodules/altera_eth_tse_mac.sdc Line: 30
Warning (332049): Ignored set_max_delay at altera_eth_tse_mac.sdc(33): Argument <to> is an empty collection File: C:/Users/alist/OneDrive/Electrickery/Phased Array Radio Telescope/Phased-Array-WiFi-Camera/FPGA Firmware/ethernet/synthesis/submodules/altera_eth_tse_mac.sdc Line: 33
    Info (332050): set_max_delay -from [get_registers ${from_reg}] -to [get_registers ${to_reg}] 100ns File: C:/Users/alist/OneDrive/Electrickery/Phased Array Radio Telescope/Phased-Array-WiFi-Camera/FPGA Firmware/ethernet/synthesis/submodules/altera_eth_tse_mac.sdc Line: 33
Warning (332049): Ignored set_min_delay at altera_eth_tse_mac.sdc(34): Argument <to> is an empty collection File: C:/Users/alist/OneDrive/Electrickery/Phased Array Radio Telescope/Phased-Array-WiFi-Camera/FPGA Firmware/ethernet/synthesis/submodules/altera_eth_tse_mac.sdc Line: 34
    Info (332050): set_min_delay -from [get_registers ${from_reg}] -to [get_registers ${to_reg}] -100ns File: C:/Users/alist/OneDrive/Electrickery/Phased Array Radio Telescope/Phased-Array-WiFi-Camera/FPGA Firmware/ethernet/synthesis/submodules/altera_eth_tse_mac.sdc Line: 34
Warning (332174): Ignored filter at altera_eth_tse_mac.sdc(178): *|altera_tse_register_map:U_REG|command_config[9] could not be matched with a register File: C:/Users/alist/OneDrive/Electrickery/Phased Array Radio Telescope/Phased-Array-WiFi-Camera/FPGA Firmware/ethernet/synthesis/submodules/altera_eth_tse_mac.sdc Line: 178
Warning (332174): Ignored filter at altera_eth_tse_mac.sdc(178): *|altera_tse_mac_tx:U_TX|* could not be matched with a register File: C:/Users/alist/OneDrive/Electrickery/Phased Array Radio Telescope/Phased-Array-WiFi-Camera/FPGA Firmware/ethernet/synthesis/submodules/altera_eth_tse_mac.sdc Line: 178
Warning (332049): Ignored set_false_path at altera_eth_tse_mac.sdc(178): Argument <from> is an empty collection File: C:/Users/alist/OneDrive/Electrickery/Phased Array Radio Telescope/Phased-Array-WiFi-Camera/FPGA Firmware/ethernet/synthesis/submodules/altera_eth_tse_mac.sdc Line: 178
    Info (332050): set_false_path -from [get_registers {*|altera_tse_register_map:U_REG|command_config[9]}] -to [get_registers {*|altera_tse_mac_tx:U_TX|*}] File: C:/Users/alist/OneDrive/Electrickery/Phased Array Radio Telescope/Phased-Array-WiFi-Camera/FPGA Firmware/ethernet/synthesis/submodules/altera_eth_tse_mac.sdc Line: 178
Warning (332049): Ignored set_false_path at altera_eth_tse_mac.sdc(178): Argument <to> is an empty collection File: C:/Users/alist/OneDrive/Electrickery/Phased Array Radio Telescope/Phased-Array-WiFi-Camera/FPGA Firmware/ethernet/synthesis/submodules/altera_eth_tse_mac.sdc Line: 178
Warning (332174): Ignored filter at altera_eth_tse_mac.sdc(179): *|altera_tse_register_map:U_REG|mac_0[*] could not be matched with a register File: C:/Users/alist/OneDrive/Electrickery/Phased Array Radio Telescope/Phased-Array-WiFi-Camera/FPGA Firmware/ethernet/synthesis/submodules/altera_eth_tse_mac.sdc Line: 179
Warning (332049): Ignored set_false_path at altera_eth_tse_mac.sdc(179): Argument <from> is an empty collection File: C:/Users/alist/OneDrive/Electrickery/Phased Array Radio Telescope/Phased-Array-WiFi-Camera/FPGA Firmware/ethernet/synthesis/submodules/altera_eth_tse_mac.sdc Line: 179
    Info (332050): set_false_path -from [get_registers {*|altera_tse_register_map:U_REG|mac_0[*]}] -to [get_registers {*|altera_tse_mac_tx:U_TX|*}] File: C:/Users/alist/OneDrive/Electrickery/Phased Array Radio Telescope/Phased-Array-WiFi-Camera/FPGA Firmware/ethernet/synthesis/submodules/altera_eth_tse_mac.sdc Line: 179
Warning (332049): Ignored set_false_path at altera_eth_tse_mac.sdc(179): Argument <to> is an empty collection File: C:/Users/alist/OneDrive/Electrickery/Phased Array Radio Telescope/Phased-Array-WiFi-Camera/FPGA Firmware/ethernet/synthesis/submodules/altera_eth_tse_mac.sdc Line: 179
Warning (332174): Ignored filter at altera_eth_tse_mac.sdc(180): *|altera_tse_register_map:U_REG|mac_1[*] could not be matched with a register File: C:/Users/alist/OneDrive/Electrickery/Phased Array Radio Telescope/Phased-Array-WiFi-Camera/FPGA Firmware/ethernet/synthesis/submodules/altera_eth_tse_mac.sdc Line: 180
Warning (332049): Ignored set_false_path at altera_eth_tse_mac.sdc(180): Argument <from> is an empty collection File: C:/Users/alist/OneDrive/Electrickery/Phased Array Radio Telescope/Phased-Array-WiFi-Camera/FPGA Firmware/ethernet/synthesis/submodules/altera_eth_tse_mac.sdc Line: 180
    Info (332050): set_false_path -from [get_registers {*|altera_tse_register_map:U_REG|mac_1[*]}] -to [get_registers {*|altera_tse_mac_tx:U_TX|*}] File: C:/Users/alist/OneDrive/Electrickery/Phased Array Radio Telescope/Phased-Array-WiFi-Camera/FPGA Firmware/ethernet/synthesis/submodules/altera_eth_tse_mac.sdc Line: 180
Warning (332049): Ignored set_false_path at altera_eth_tse_mac.sdc(180): Argument <to> is an empty collection File: C:/Users/alist/OneDrive/Electrickery/Phased Array Radio Telescope/Phased-Array-WiFi-Camera/FPGA Firmware/ethernet/synthesis/submodules/altera_eth_tse_mac.sdc Line: 180
Warning (332174): Ignored filter at altera_eth_tse_mac.sdc(182): *|altera_tse_mac_rx:U_RX|* could not be matched with a register File: C:/Users/alist/OneDrive/Electrickery/Phased Array Radio Telescope/Phased-Array-WiFi-Camera/FPGA Firmware/ethernet/synthesis/submodules/altera_eth_tse_mac.sdc Line: 182
Warning (332049): Ignored set_false_path at altera_eth_tse_mac.sdc(182): Argument <from> is an empty collection File: C:/Users/alist/OneDrive/Electrickery/Phased Array Radio Telescope/Phased-Array-WiFi-Camera/FPGA Firmware/ethernet/synthesis/submodules/altera_eth_tse_mac.sdc Line: 182
    Info (332050): set_false_path -from [get_registers {*|altera_tse_register_map:U_REG|mac_0[*]}] -to [get_registers {*|altera_tse_mac_rx:U_RX|*}] File: C:/Users/alist/OneDrive/Electrickery/Phased Array Radio Telescope/Phased-Array-WiFi-Camera/FPGA Firmware/ethernet/synthesis/submodules/altera_eth_tse_mac.sdc Line: 182
Warning (332049): Ignored set_false_path at altera_eth_tse_mac.sdc(182): Argument <to> is an empty collection File: C:/Users/alist/OneDrive/Electrickery/Phased Array Radio Telescope/Phased-Array-WiFi-Camera/FPGA Firmware/ethernet/synthesis/submodules/altera_eth_tse_mac.sdc Line: 182
Warning (332049): Ignored set_false_path at altera_eth_tse_mac.sdc(183): Argument <from> is an empty collection File: C:/Users/alist/OneDrive/Electrickery/Phased Array Radio Telescope/Phased-Array-WiFi-Camera/FPGA Firmware/ethernet/synthesis/submodules/altera_eth_tse_mac.sdc Line: 183
    Info (332050): set_false_path -from [get_registers {*|altera_tse_register_map:U_REG|mac_1[*]}] -to [get_registers {*|altera_tse_mac_rx:U_RX|*}] File: C:/Users/alist/OneDrive/Electrickery/Phased Array Radio Telescope/Phased-Array-WiFi-Camera/FPGA Firmware/ethernet/synthesis/submodules/altera_eth_tse_mac.sdc Line: 183
Warning (332049): Ignored set_false_path at altera_eth_tse_mac.sdc(183): Argument <to> is an empty collection File: C:/Users/alist/OneDrive/Electrickery/Phased Array Radio Telescope/Phased-Array-WiFi-Camera/FPGA Firmware/ethernet/synthesis/submodules/altera_eth_tse_mac.sdc Line: 183
Warning (332174): Ignored filter at altera_eth_tse_mac.sdc(184): *|altera_tse_register_map:U_REG|frm_length[*] could not be matched with a register File: C:/Users/alist/OneDrive/Electrickery/Phased Array Radio Telescope/Phased-Array-WiFi-Camera/FPGA Firmware/ethernet/synthesis/submodules/altera_eth_tse_mac.sdc Line: 184
Warning (332049): Ignored set_false_path at altera_eth_tse_mac.sdc(184): Argument <from> is an empty collection File: C:/Users/alist/OneDrive/Electrickery/Phased Array Radio Telescope/Phased-Array-WiFi-Camera/FPGA Firmware/ethernet/synthesis/submodules/altera_eth_tse_mac.sdc Line: 184
    Info (332050): set_false_path -from [get_registers {*|altera_tse_register_map:U_REG|frm_length[*]}] -to [get_registers {*|altera_tse_mac_rx:U_RX|*}] File: C:/Users/alist/OneDrive/Electrickery/Phased Array Radio Telescope/Phased-Array-WiFi-Camera/FPGA Firmware/ethernet/synthesis/submodules/altera_eth_tse_mac.sdc Line: 184
Warning (332049): Ignored set_false_path at altera_eth_tse_mac.sdc(184): Argument <to> is an empty collection File: C:/Users/alist/OneDrive/Electrickery/Phased Array Radio Telescope/Phased-Array-WiFi-Camera/FPGA Firmware/ethernet/synthesis/submodules/altera_eth_tse_mac.sdc Line: 184
Warning (332174): Ignored filter at altera_eth_tse_mac.sdc(204): *|altera_tse_mac_rx:*|pause_quant_val* could not be matched with a register File: C:/Users/alist/OneDrive/Electrickery/Phased Array Radio Telescope/Phased-Array-WiFi-Camera/FPGA Firmware/ethernet/synthesis/submodules/altera_eth_tse_mac.sdc Line: 204
Warning (332174): Ignored filter at altera_eth_tse_mac.sdc(204): *|altera_tse_mac_tx:*|pause_latch* could not be matched with a register File: C:/Users/alist/OneDrive/Electrickery/Phased Array Radio Telescope/Phased-Array-WiFi-Camera/FPGA Firmware/ethernet/synthesis/submodules/altera_eth_tse_mac.sdc Line: 204
Warning (332049): Ignored set_false_path at altera_eth_tse_mac.sdc(204): Argument <from> is an empty collection File: C:/Users/alist/OneDrive/Electrickery/Phased Array Radio Telescope/Phased-Array-WiFi-Camera/FPGA Firmware/ethernet/synthesis/submodules/altera_eth_tse_mac.sdc Line: 204
    Info (332050): set_false_path -from [get_registers *|altera_tse_mac_rx:*|pause_quant_val*] -to [get_registers *|altera_tse_mac_tx:*|pause_latch*] File: C:/Users/alist/OneDrive/Electrickery/Phased Array Radio Telescope/Phased-Array-WiFi-Camera/FPGA Firmware/ethernet/synthesis/submodules/altera_eth_tse_mac.sdc Line: 204
Warning (332049): Ignored set_false_path at altera_eth_tse_mac.sdc(204): Argument <to> is an empty collection File: C:/Users/alist/OneDrive/Electrickery/Phased Array Radio Telescope/Phased-Array-WiFi-Camera/FPGA Firmware/ethernet/synthesis/submodules/altera_eth_tse_mac.sdc Line: 204
Warning (332174): Ignored filter at altera_eth_tse_mac.sdc(205): *|altera_tse_register_map:U_REG|pause_quant_reg* could not be matched with a register File: C:/Users/alist/OneDrive/Electrickery/Phased Array Radio Telescope/Phased-Array-WiFi-Camera/FPGA Firmware/ethernet/synthesis/submodules/altera_eth_tse_mac.sdc Line: 205
Warning (332049): Ignored set_false_path at altera_eth_tse_mac.sdc(205): Argument <from> is an empty collection File: C:/Users/alist/OneDrive/Electrickery/Phased Array Radio Telescope/Phased-Array-WiFi-Camera/FPGA Firmware/ethernet/synthesis/submodules/altera_eth_tse_mac.sdc Line: 205
    Info (332050): set_false_path -from [get_registers {*|altera_tse_register_map:U_REG|pause_quant_reg*}] -to [get_registers {*|altera_tse_mac_tx:U_TX|*}] File: C:/Users/alist/OneDrive/Electrickery/Phased Array Radio Telescope/Phased-Array-WiFi-Camera/FPGA Firmware/ethernet/synthesis/submodules/altera_eth_tse_mac.sdc Line: 205
Warning (332049): Ignored set_false_path at altera_eth_tse_mac.sdc(205): Argument <to> is an empty collection File: C:/Users/alist/OneDrive/Electrickery/Phased Array Radio Telescope/Phased-Array-WiFi-Camera/FPGA Firmware/ethernet/synthesis/submodules/altera_eth_tse_mac.sdc Line: 205
Warning (332049): Ignored set_false_path at altera_eth_tse_mac.sdc(206): Argument <from> is an empty collection File: C:/Users/alist/OneDrive/Electrickery/Phased Array Radio Telescope/Phased-Array-WiFi-Camera/FPGA Firmware/ethernet/synthesis/submodules/altera_eth_tse_mac.sdc Line: 206
    Info (332050): set_false_path -from [get_registers {*|altera_tse_register_map:U_REG|pause_quant_reg*}] -to [get_registers {*|altera_tse_mac_tx:U_TX|*}] File: C:/Users/alist/OneDrive/Electrickery/Phased Array Radio Telescope/Phased-Array-WiFi-Camera/FPGA Firmware/ethernet/synthesis/submodules/altera_eth_tse_mac.sdc Line: 206
Warning (332049): Ignored set_false_path at altera_eth_tse_mac.sdc(206): Argument <to> is an empty collection File: C:/Users/alist/OneDrive/Electrickery/Phased Array Radio Telescope/Phased-Array-WiFi-Camera/FPGA Firmware/ethernet/synthesis/submodules/altera_eth_tse_mac.sdc Line: 206
Warning (332174): Ignored filter at altera_eth_tse_mac.sdc(207): *|altera_tse_register_map:U_REG|holdoff_quant* could not be matched with a register File: C:/Users/alist/OneDrive/Electrickery/Phased Array Radio Telescope/Phased-Array-WiFi-Camera/FPGA Firmware/ethernet/synthesis/submodules/altera_eth_tse_mac.sdc Line: 207
Warning (332049): Ignored set_false_path at altera_eth_tse_mac.sdc(207): Argument <from> is an empty collection File: C:/Users/alist/OneDrive/Electrickery/Phased Array Radio Telescope/Phased-Array-WiFi-Camera/FPGA Firmware/ethernet/synthesis/submodules/altera_eth_tse_mac.sdc Line: 207
    Info (332050): set_false_path -from [get_registers {*|altera_tse_register_map:U_REG|holdoff_quant*}] -to [get_registers {*|altera_tse_mac_tx:U_TX|*}] File: C:/Users/alist/OneDrive/Electrickery/Phased Array Radio Telescope/Phased-Array-WiFi-Camera/FPGA Firmware/ethernet/synthesis/submodules/altera_eth_tse_mac.sdc Line: 207
Warning (332049): Ignored set_false_path at altera_eth_tse_mac.sdc(207): Argument <to> is an empty collection File: C:/Users/alist/OneDrive/Electrickery/Phased Array Radio Telescope/Phased-Array-WiFi-Camera/FPGA Firmware/ethernet/synthesis/submodules/altera_eth_tse_mac.sdc Line: 207
Warning (332174): Ignored filter at altera_eth_tse_mac.sdc(212): *|altera_tse_magic_detection:U_MAGIC|* could not be matched with a register File: C:/Users/alist/OneDrive/Electrickery/Phased Array Radio Telescope/Phased-Array-WiFi-Camera/FPGA Firmware/ethernet/synthesis/submodules/altera_eth_tse_mac.sdc Line: 212
Warning (332049): Ignored set_false_path at altera_eth_tse_mac.sdc(212): Argument <from> is an empty collection File: C:/Users/alist/OneDrive/Electrickery/Phased Array Radio Telescope/Phased-Array-WiFi-Camera/FPGA Firmware/ethernet/synthesis/submodules/altera_eth_tse_mac.sdc Line: 212
    Info (332050): set_false_path -from [get_registers {*|altera_tse_register_map:U_REG|mac_0[*]}] -to [get_registers {*|altera_tse_magic_detection:U_MAGIC|*}] File: C:/Users/alist/OneDrive/Electrickery/Phased Array Radio Telescope/Phased-Array-WiFi-Camera/FPGA Firmware/ethernet/synthesis/submodules/altera_eth_tse_mac.sdc Line: 212
Warning (332049): Ignored set_false_path at altera_eth_tse_mac.sdc(212): Argument <to> is an empty collection File: C:/Users/alist/OneDrive/Electrickery/Phased Array Radio Telescope/Phased-Array-WiFi-Camera/FPGA Firmware/ethernet/synthesis/submodules/altera_eth_tse_mac.sdc Line: 212
Warning (332049): Ignored set_false_path at altera_eth_tse_mac.sdc(213): Argument <from> is an empty collection File: C:/Users/alist/OneDrive/Electrickery/Phased Array Radio Telescope/Phased-Array-WiFi-Camera/FPGA Firmware/ethernet/synthesis/submodules/altera_eth_tse_mac.sdc Line: 213
    Info (332050): set_false_path -from [get_registers {*|altera_tse_register_map:U_REG|mac_1[*]}] -to [get_registers {*|altera_tse_magic_detection:U_MAGIC|*}] File: C:/Users/alist/OneDrive/Electrickery/Phased Array Radio Telescope/Phased-Array-WiFi-Camera/FPGA Firmware/ethernet/synthesis/submodules/altera_eth_tse_mac.sdc Line: 213
Warning (332049): Ignored set_false_path at altera_eth_tse_mac.sdc(213): Argument <to> is an empty collection File: C:/Users/alist/OneDrive/Electrickery/Phased Array Radio Telescope/Phased-Array-WiFi-Camera/FPGA Firmware/ethernet/synthesis/submodules/altera_eth_tse_mac.sdc Line: 213
Warning (332174): Ignored filter at altera_eth_tse_mac.sdc(53): *altera_tse_a_fifo_opt_1246:TX_DATA|altera_tse_gray_cnt:U_RD|g_out[*]|q could not be matched with a pin File: C:/Users/alist/OneDrive/Electrickery/Phased Array Radio Telescope/Phased-Array-WiFi-Camera/FPGA Firmware/ethernet/synthesis/submodules/altera_eth_tse_mac.sdc Line: 53
Warning (332174): Ignored filter at altera_eth_tse_mac.sdc(53): *altera_tse_a_fifo_opt_1246:TX_DATA|altera_eth_tse_std_synchronizer_bundle:U_SYNC_1|altera_eth_tse_std_synchronizer:*|altera_std_synchronizer_nocut:*|din_s1* could not be matched with a register File: C:/Users/alist/OneDrive/Electrickery/Phased Array Radio Telescope/Phased-Array-WiFi-Camera/FPGA Firmware/ethernet/synthesis/submodules/altera_eth_tse_mac.sdc Line: 53
Warning (332049): Ignored set_net_delay at altera_eth_tse_mac.sdc(53): argument -from with value [get_pins -compatibility_mode {*altera_tse_a_fifo_opt_1246:TX_DATA|altera_tse_gray_cnt:U_RD|g_out[*]|q}] contains zero elements File: C:/Users/alist/OneDrive/Electrickery/Phased Array Radio Telescope/Phased-Array-WiFi-Camera/FPGA Firmware/ethernet/synthesis/submodules/altera_eth_tse_mac.sdc Line: 53
    Info (332050): set_net_delay -from [get_pins -compatibility_mode *${from_path}|${from_reg}[*]|q] -to [get_registers *${to_path}|${to_reg}*] -max $max_net_delay File: C:/Users/alist/OneDrive/Electrickery/Phased Array Radio Telescope/Phased-Array-WiFi-Camera/FPGA Firmware/ethernet/synthesis/submodules/altera_eth_tse_mac.sdc Line: 53
Warning (332174): Ignored filter at altera_eth_tse_mac.sdc(53): *altera_tse_a_fifo_opt_1246:TX_DATA|altera_tse_gray_cnt:U_WRT|g_out[*]|q could not be matched with a pin File: C:/Users/alist/OneDrive/Electrickery/Phased Array Radio Telescope/Phased-Array-WiFi-Camera/FPGA Firmware/ethernet/synthesis/submodules/altera_eth_tse_mac.sdc Line: 53
Warning (332174): Ignored filter at altera_eth_tse_mac.sdc(53): *altera_tse_a_fifo_opt_1246:TX_DATA|altera_eth_tse_std_synchronizer_bundle:U_SYNC_3|altera_eth_tse_std_synchronizer:*|altera_std_synchronizer_nocut:*|din_s1* could not be matched with a register File: C:/Users/alist/OneDrive/Electrickery/Phased Array Radio Telescope/Phased-Array-WiFi-Camera/FPGA Firmware/ethernet/synthesis/submodules/altera_eth_tse_mac.sdc Line: 53
Warning (332049): Ignored set_net_delay at altera_eth_tse_mac.sdc(53): argument -from with value [get_pins -compatibility_mode {*altera_tse_a_fifo_opt_1246:TX_DATA|altera_tse_gray_cnt:U_WRT|g_out[*]|q}] contains zero elements File: C:/Users/alist/OneDrive/Electrickery/Phased Array Radio Telescope/Phased-Array-WiFi-Camera/FPGA Firmware/ethernet/synthesis/submodules/altera_eth_tse_mac.sdc Line: 53
    Info (332050): set_net_delay -from [get_pins -compatibility_mode *${from_path}|${from_reg}[*]|q] -to [get_registers *${to_path}|${to_reg}*] -max $max_net_delay File: C:/Users/alist/OneDrive/Electrickery/Phased Array Radio Telescope/Phased-Array-WiFi-Camera/FPGA Firmware/ethernet/synthesis/submodules/altera_eth_tse_mac.sdc Line: 53
Warning (332174): Ignored filter at altera_eth_tse_mac.sdc(53): *altera_tse_a_fifo_opt_1246:RX_DATA|altera_tse_gray_cnt:U_RD|g_out[*]|q could not be matched with a pin File: C:/Users/alist/OneDrive/Electrickery/Phased Array Radio Telescope/Phased-Array-WiFi-Camera/FPGA Firmware/ethernet/synthesis/submodules/altera_eth_tse_mac.sdc Line: 53
Warning (332174): Ignored filter at altera_eth_tse_mac.sdc(53): *altera_tse_a_fifo_opt_1246:RX_DATA|altera_eth_tse_std_synchronizer_bundle:U_SYNC_1|altera_eth_tse_std_synchronizer:*|altera_std_synchronizer_nocut:*|din_s1* could not be matched with a register File: C:/Users/alist/OneDrive/Electrickery/Phased Array Radio Telescope/Phased-Array-WiFi-Camera/FPGA Firmware/ethernet/synthesis/submodules/altera_eth_tse_mac.sdc Line: 53
Warning (332049): Ignored set_net_delay at altera_eth_tse_mac.sdc(53): argument -from with value [get_pins -compatibility_mode {*altera_tse_a_fifo_opt_1246:RX_DATA|altera_tse_gray_cnt:U_RD|g_out[*]|q}] contains zero elements File: C:/Users/alist/OneDrive/Electrickery/Phased Array Radio Telescope/Phased-Array-WiFi-Camera/FPGA Firmware/ethernet/synthesis/submodules/altera_eth_tse_mac.sdc Line: 53
    Info (332050): set_net_delay -from [get_pins -compatibility_mode *${from_path}|${from_reg}[*]|q] -to [get_registers *${to_path}|${to_reg}*] -max $max_net_delay File: C:/Users/alist/OneDrive/Electrickery/Phased Array Radio Telescope/Phased-Array-WiFi-Camera/FPGA Firmware/ethernet/synthesis/submodules/altera_eth_tse_mac.sdc Line: 53
Warning (332174): Ignored filter at altera_eth_tse_mac.sdc(53): *altera_tse_a_fifo_opt_1246:RX_DATA|altera_tse_gray_cnt:U_WRT|g_out[*]|q could not be matched with a pin File: C:/Users/alist/OneDrive/Electrickery/Phased Array Radio Telescope/Phased-Array-WiFi-Camera/FPGA Firmware/ethernet/synthesis/submodules/altera_eth_tse_mac.sdc Line: 53
Warning (332174): Ignored filter at altera_eth_tse_mac.sdc(53): *altera_tse_a_fifo_opt_1246:RX_DATA|altera_eth_tse_std_synchronizer_bundle:U_SYNC_3|altera_eth_tse_std_synchronizer:*|altera_std_synchronizer_nocut:*|din_s1* could not be matched with a register File: C:/Users/alist/OneDrive/Electrickery/Phased Array Radio Telescope/Phased-Array-WiFi-Camera/FPGA Firmware/ethernet/synthesis/submodules/altera_eth_tse_mac.sdc Line: 53
Warning (332049): Ignored set_net_delay at altera_eth_tse_mac.sdc(53): argument -from with value [get_pins -compatibility_mode {*altera_tse_a_fifo_opt_1246:RX_DATA|altera_tse_gray_cnt:U_WRT|g_out[*]|q}] contains zero elements File: C:/Users/alist/OneDrive/Electrickery/Phased Array Radio Telescope/Phased-Array-WiFi-Camera/FPGA Firmware/ethernet/synthesis/submodules/altera_eth_tse_mac.sdc Line: 53
    Info (332050): set_net_delay -from [get_pins -compatibility_mode *${from_path}|${from_reg}[*]|q] -to [get_registers *${to_path}|${to_reg}*] -max $max_net_delay File: C:/Users/alist/OneDrive/Electrickery/Phased Array Radio Telescope/Phased-Array-WiFi-Camera/FPGA Firmware/ethernet/synthesis/submodules/altera_eth_tse_mac.sdc Line: 53
Warning (332174): Ignored filter at altera_eth_tse_mac.sdc(53): *altera_tse_a_fifo_13:TX_STATUS|altera_tse_gray_cnt:U_WRT|g_out[*]|q could not be matched with a pin File: C:/Users/alist/OneDrive/Electrickery/Phased Array Radio Telescope/Phased-Array-WiFi-Camera/FPGA Firmware/ethernet/synthesis/submodules/altera_eth_tse_mac.sdc Line: 53
Warning (332174): Ignored filter at altera_eth_tse_mac.sdc(53): *altera_tse_a_fifo_13:TX_STATUS|altera_eth_tse_std_synchronizer_bundle:U_SYNC_2|altera_eth_tse_std_synchronizer:*|altera_std_synchronizer_nocut:*|din_s1* could not be matched with a register File: C:/Users/alist/OneDrive/Electrickery/Phased Array Radio Telescope/Phased-Array-WiFi-Camera/FPGA Firmware/ethernet/synthesis/submodules/altera_eth_tse_mac.sdc Line: 53
Warning (332049): Ignored set_net_delay at altera_eth_tse_mac.sdc(53): argument -from with value [get_pins -compatibility_mode {*altera_tse_a_fifo_13:TX_STATUS|altera_tse_gray_cnt:U_WRT|g_out[*]|q}] contains zero elements File: C:/Users/alist/OneDrive/Electrickery/Phased Array Radio Telescope/Phased-Array-WiFi-Camera/FPGA Firmware/ethernet/synthesis/submodules/altera_eth_tse_mac.sdc Line: 53
    Info (332050): set_net_delay -from [get_pins -compatibility_mode *${from_path}|${from_reg}[*]|q] -to [get_registers *${to_path}|${to_reg}*] -max $max_net_delay File: C:/Users/alist/OneDrive/Electrickery/Phased Array Radio Telescope/Phased-Array-WiFi-Camera/FPGA Firmware/ethernet/synthesis/submodules/altera_eth_tse_mac.sdc Line: 53
Warning (332174): Ignored filter at altera_eth_tse_mac.sdc(53): *altera_tse_a_fifo_34:RX_STATUS|wr_g_ptr_reg[*]|q could not be matched with a pin File: C:/Users/alist/OneDrive/Electrickery/Phased Array Radio Telescope/Phased-Array-WiFi-Camera/FPGA Firmware/ethernet/synthesis/submodules/altera_eth_tse_mac.sdc Line: 53
Warning (332174): Ignored filter at altera_eth_tse_mac.sdc(53): *altera_tse_a_fifo_34:RX_STATUS|altera_eth_tse_std_synchronizer_bundle:U_SYNC_WR_G_PTR|altera_eth_tse_std_synchronizer:*|altera_std_synchronizer_nocut:*|din_s1* could not be matched with a register File: C:/Users/alist/OneDrive/Electrickery/Phased Array Radio Telescope/Phased-Array-WiFi-Camera/FPGA Firmware/ethernet/synthesis/submodules/altera_eth_tse_mac.sdc Line: 53
Warning (332049): Ignored set_net_delay at altera_eth_tse_mac.sdc(53): argument -from with value [get_pins -compatibility_mode {*altera_tse_a_fifo_34:RX_STATUS|wr_g_ptr_reg[*]|q}] contains zero elements File: C:/Users/alist/OneDrive/Electrickery/Phased Array Radio Telescope/Phased-Array-WiFi-Camera/FPGA Firmware/ethernet/synthesis/submodules/altera_eth_tse_mac.sdc Line: 53
    Info (332050): set_net_delay -from [get_pins -compatibility_mode *${from_path}|${from_reg}[*]|q] -to [get_registers *${to_path}|${to_reg}*] -max $max_net_delay File: C:/Users/alist/OneDrive/Electrickery/Phased Array Radio Telescope/Phased-Array-WiFi-Camera/FPGA Firmware/ethernet/synthesis/submodules/altera_eth_tse_mac.sdc Line: 53
Info: Found TIMEQUEST_REPORT_SCRIPT_INCLUDE_DEFAULT_ANALYSIS = ON
Info: Analyzing Slow 1200mV 85C Model
Info (332140): No fmax paths to report
Info (332140): No Setup paths to report
Info (332140): No Hold paths to report
Info (332140): No Recovery paths to report
Info (332140): No Removal paths to report
Info (332146): Worst-case minimum pulse width slack is 0.556
    Info (332119):     Slack       End Point TNS Clock 
    Info (332119): ========= =================== =====================
    Info (332119):     0.556               0.000 pll|altpll_component|auto_generated|pll1|clk[0] 
    Info (332119):     4.623               0.000 hmcad1511_lclk 
    Info (332119):     9.888               0.000 C10_clk50M 
Info: Analyzing Slow 1200mV 0C Model
Info (334003): Started post-fitting delay annotation
Info (334004): Delay annotation completed successfully
Info (332140): No fmax paths to report
Info (332140): No Setup paths to report
Info (332140): No Hold paths to report
Info (332140): No Recovery paths to report
Info (332140): No Removal paths to report
Info (332146): Worst-case minimum pulse width slack is 0.556
    Info (332119):     Slack       End Point TNS Clock 
    Info (332119): ========= =================== =====================
    Info (332119):     0.556               0.000 pll|altpll_component|auto_generated|pll1|clk[0] 
    Info (332119):     4.508               0.000 hmcad1511_lclk 
    Info (332119):     9.886               0.000 C10_clk50M 
Info: Analyzing Fast 1200mV 0C Model
Info (332140): No Setup paths to report
Info (332140): No Hold paths to report
Info (332140): No Recovery paths to report
Info (332140): No Removal paths to report
Info (332146): Worst-case minimum pulse width slack is 1.000
    Info (332119):     Slack       End Point TNS Clock 
    Info (332119): ========= =================== =====================
    Info (332119):     1.000               0.000 pll|altpll_component|auto_generated|pll1|clk[0] 
    Info (332119):     4.651               0.000 hmcad1511_lclk 
    Info (332119):     9.448               0.000 C10_clk50M 
Info (332102): Design is not fully constrained for setup requirements
Info (332102): Design is not fully constrained for hold requirements
Info: Quartus Prime TimeQuest Timing Analyzer was successful. 0 errors, 61 warnings
    Info: Peak virtual memory: 4784 megabytes
    Info: Processing ended: Sun Aug 12 22:12:18 2018
    Info: Elapsed time: 00:00:01
    Info: Total CPU time (on all processors): 00:00:02


