Flow report for Phased_WiFi_Telescope_FW
Mon Aug 06 12:13:16 2018
Quartus Prime Version 17.1.0 Build 590 10/25/2017 SJ Lite Edition


---------------------
; Table of Contents ;
---------------------
  1. Legal Notice
  2. Flow Summary
  3. Flow Settings
  4. Flow Non-Default Global Settings
  5. Flow Elapsed Time
  6. Flow OS Summary
  7. Flow Log
  8. Flow Messages
  9. Flow Suppressed Messages



----------------
; Legal Notice ;
----------------
Copyright (C) 2017  Intel Corporation. All rights reserved.
Your use of Intel Corporation's design tools, logic functions 
and other software and tools, and its AMPP partner logic 
functions, and any output files from any of the foregoing 
(including device programming or simulation files), and any 
associated documentation or information are expressly subject 
to the terms and conditions of the Intel Program License 
Subscription Agreement, the Intel Quartus Prime License Agreement,
the Intel FPGA IP License Agreement, or other applicable license
agreement, including, without limitation, that your use is for
the sole purpose of programming logic devices manufactured by
Intel and sold by Intel or its authorized distributors.  Please
refer to the applicable agreement for further details.



+----------------------------------------------------------------------------------+
; Flow Summary                                                                     ;
+------------------------------------+---------------------------------------------+
; Flow Status                        ; Successful - Mon Aug 06 12:13:16 2018       ;
; Quartus Prime Version              ; 17.1.0 Build 590 10/25/2017 SJ Lite Edition ;
; Revision Name                      ; Phased_WiFi_Telescope_FW                    ;
; Top-level Entity Name              ; wifi_tele_top_level                         ;
; Family                             ; Cyclone 10 LP                               ;
; Device                             ; 10CL025YU256C8G                             ;
; Timing Models                      ; Final                                       ;
; Total logic elements               ; 0                                           ;
;     Total combinational functions  ; 0                                           ;
;     Dedicated logic registers      ; 0                                           ;
; Total registers                    ; 0                                           ;
; Total pins                         ; 10                                          ;
; Total virtual pins                 ; 0                                           ;
; Total memory bits                  ; 0                                           ;
; Embedded Multiplier 9-bit elements ; 0                                           ;
; Total PLLs                         ; 0                                           ;
+------------------------------------+---------------------------------------------+


+----------------------------------------------+
; Flow Settings                                ;
+-------------------+--------------------------+
; Option            ; Setting                  ;
+-------------------+--------------------------+
; Start date & time ; 08/06/2018 12:13:07      ;
; Main task         ; Compilation              ;
; Revision Name     ; Phased_WiFi_Telescope_FW ;
+-------------------+--------------------------+


+-------------------------------------------------------------------------------------------------------------------------------------------------------------+
; Flow Non-Default Global Settings                                                                                                                            ;
+--------------------------------------+----------------------------------------------+--------------------------+---------------------+----------------------+
; Assignment Name                      ; Value                                        ; Default Value            ; Entity Name         ; Section Id           ;
+--------------------------------------+----------------------------------------------+--------------------------+---------------------+----------------------+
; COMPILER_SIGNATURE_ID                ; 53164093025711.153352158718536               ; --                       ; --                  ; --                   ;
; EDA_DESIGN_INSTANCE_NAME             ; NA                                           ; --                       ; --                  ; adc_spi              ;
; EDA_DESIGN_INSTANCE_NAME             ; NA                                           ; --                       ; --                  ; hmcad1511_controller ;
; EDA_NATIVELINK_SIMULATION_TEST_BENCH ; adc_spi                                      ; --                       ; --                  ; eda_simulation       ;
; EDA_OUTPUT_DATA_FORMAT               ; Vhdl                                         ; --                       ; --                  ; eda_simulation       ;
; EDA_SIMULATION_TOOL                  ; ModelSim-Altera (VHDL)                       ; <None>                   ; --                  ; --                   ;
; EDA_TEST_BENCH_ENABLE_STATUS         ; TEST_BENCH_MODE                              ; --                       ; --                  ; eda_simulation       ;
; EDA_TEST_BENCH_FILE                  ; simulation/modelsim/adc_spi.vht              ; --                       ; --                  ; adc_spi              ;
; EDA_TEST_BENCH_FILE                  ; simulation/modelsim/hmcad1511_controller.vht ; --                       ; --                  ; hmcad1511_controller ;
; EDA_TEST_BENCH_MODULE_NAME           ; adc_spi_vhd_tst                              ; --                       ; --                  ; adc_spi              ;
; EDA_TEST_BENCH_MODULE_NAME           ; hmcad1511_controller_vhd_tst                 ; --                       ; --                  ; hmcad1511_controller ;
; EDA_TEST_BENCH_NAME                  ; hmcad1511_controller                         ; --                       ; --                  ; eda_simulation       ;
; EDA_TEST_BENCH_NAME                  ; adc_spi                                      ; --                       ; --                  ; eda_simulation       ;
; EDA_TEST_BENCH_RUN_SIM_FOR           ; 1000 ns                                      ; --                       ; --                  ; adc_spi              ;
; EDA_TEST_BENCH_RUN_SIM_FOR           ; 100 ns                                       ; --                       ; --                  ; hmcad1511_controller ;
; EDA_TIME_SCALE                       ; 1 ps                                         ; --                       ; --                  ; eda_simulation       ;
; MAX_CORE_JUNCTION_TEMP               ; 85                                           ; --                       ; --                  ; --                   ;
; MIN_CORE_JUNCTION_TEMP               ; 0                                            ; --                       ; --                  ; --                   ;
; MISC_FILE                            ; adc_lvds.bsf                                 ; --                       ; --                  ; --                   ;
; MISC_FILE                            ; adc_lvds_inst.vhd                            ; --                       ; --                  ; --                   ;
; MISC_FILE                            ; adc_lvds.inc                                 ; --                       ; --                  ; --                   ;
; MISC_FILE                            ; adc_lvds.cmp                                 ; --                       ; --                  ; --                   ;
; MISC_FILE                            ; adc_lvds.ppf                                 ; --                       ; --                  ; --                   ;
; OUTPUT_IO_TIMING_FAR_END_VMEAS       ; Half Signal Swing                            ; --                       ; --                  ; --                   ;
; OUTPUT_IO_TIMING_FAR_END_VMEAS       ; Half Signal Swing                            ; --                       ; --                  ; --                   ;
; OUTPUT_IO_TIMING_NEAR_END_VMEAS      ; Half Vccio                                   ; --                       ; --                  ; --                   ;
; OUTPUT_IO_TIMING_NEAR_END_VMEAS      ; Half Vccio                                   ; --                       ; --                  ; --                   ;
; PARTITION_COLOR                      ; -- (Not supported for targeted family)       ; --                       ; wifi_tele_top_level ; Top                  ;
; PARTITION_FITTER_PRESERVATION_LEVEL  ; -- (Not supported for targeted family)       ; --                       ; wifi_tele_top_level ; Top                  ;
; PARTITION_NETLIST_TYPE               ; -- (Not supported for targeted family)       ; --                       ; wifi_tele_top_level ; Top                  ;
; POWER_BOARD_THERMAL_MODEL            ; None (CONSERVATIVE)                          ; --                       ; --                  ; --                   ;
; POWER_PRESET_COOLING_SOLUTION        ; 23 MM HEAT SINK WITH 200 LFPM AIRFLOW        ; --                       ; --                  ; --                   ;
; PROJECT_OUTPUT_DIRECTORY             ; output_files                                 ; --                       ; --                  ; --                   ;
; TOP_LEVEL_ENTITY                     ; wifi_tele_top_level                          ; Phased_WiFi_Telescope_FW ; --                  ; --                   ;
; VHDL_INPUT_VERSION                   ; VHDL_2008                                    ; VHDL_1993                ; --                  ; --                   ;
; VHDL_SHOW_LMF_MAPPING_MESSAGES       ; Off                                          ; --                       ; --                  ; --                   ;
+--------------------------------------+----------------------------------------------+--------------------------+---------------------+----------------------+


+--------------------------------------------------------------------------------------------------------------------------+
; Flow Elapsed Time                                                                                                        ;
+----------------------+--------------+-------------------------+---------------------+------------------------------------+
; Module Name          ; Elapsed Time ; Average Processors Used ; Peak Virtual Memory ; Total CPU Time (on all processors) ;
+----------------------+--------------+-------------------------+---------------------+------------------------------------+
; Analysis & Synthesis ; 00:00:08     ; 1.0                     ; 4808 MB             ; 00:00:17                           ;
; Total                ; 00:00:08     ; --                      ; --                  ; 00:00:17                           ;
+----------------------+--------------+-------------------------+---------------------+------------------------------------+


+------------------------------------------------------------------------------------+
; Flow OS Summary                                                                    ;
+----------------------+------------------+------------+------------+----------------+
; Module Name          ; Machine Hostname ; OS Name    ; OS Version ; Processor type ;
+----------------------+------------------+------------+------------+----------------+
; Analysis & Synthesis ; TOWER            ; Windows 10 ; 10.0       ; x86_64         ;
+----------------------+------------------+------------+------------+----------------+


------------
; Flow Log ;
------------
quartus_map --read_settings_files=on --write_settings_files=off Phased_WiFi_Telescope_FW -c Phased_WiFi_Telescope_FW



